---------------------------------------------------------------------------------------------------------------
      name:  <unnamed>
       log:  /Users/Alfonso/Google Drive/UT/Fall 2017/RD/assignment4.log
  log type:  text
 opened on:   5 Oct 2017, 16:14:23

. set seed 3347

. 
. use "/Users/Alfonso/Google Drive/UT/Fall 2017/RD/STAR_students.dta"

. 
. **************
. * Question 1
. **************
. 
. * a.
. 
. reg gktreadss ib2.gkclasstype

      Source |       SS       df       MS              Number of obs =    5789
-------------+------------------------------           F(  2,  5786) =   18.42
       Model |  36804.3544     2  18402.1772           Prob > F      =  0.0000
    Residual |  5781796.94  5786  999.273581           R-squared     =  0.0063
-------------+------------------------------           Adj R-squared =  0.0060
       Total |  5818601.29  5788  1005.28702           Root MSE      =  31.611

------------------------------------------------------------------------------
   gktreadss |      Coef.   Std. Err.      t    P>|t|     [95% Conf. Interval]
-------------+----------------------------------------------------------------
 gkclasstype |
          1  |   5.815138   1.035745     5.61   0.000      3.78469    7.845586
          3  |   .6972468   .9934907     0.70   0.483    -1.250367     2.64486
             |
       _cons |   434.7323    .705792   615.95   0.000     433.3487    436.1159
------------------------------------------------------------------------------

. 
. * b. 
. 
. reg gktreadss ib2.gkclasstype i.gkschid

      Source |       SS       df       MS              Number of obs =    5789
-------------+------------------------------           F( 80,  5708) =   19.05
       Model |  1226366.46    80  15329.5808           Prob > F      =  0.0000
    Residual |  4592234.83  5708  804.526074           R-squared     =  0.2108
-------------+------------------------------           Adj R-squared =  0.1997
       Total |  5818601.29  5788  1005.28702           Root MSE      =  28.364

------------------------------------------------------------------------------
   gktreadss |      Coef.   Std. Err.      t    P>|t|     [95% Conf. Interval]
-------------+----------------------------------------------------------------
 gkclasstype |
          1  |   6.570069   .9442706     6.96   0.000      4.71894    8.421198
          3  |   1.054342   .9077412     1.16   0.245    -.7251759    2.833859
             |
     gkschid |
     123056  |   19.47024   5.589937     3.48   0.000     8.511837    30.42864
     128068  |   20.96622   5.511163     3.80   0.000     10.16225    31.77019
     128076  |   14.85659   5.417158     2.74   0.006     4.236906    25.47628
     128079  |    20.6742   5.395283     3.83   0.000     10.09739      31.251
     130085  |   21.20087   5.178108     4.09   0.000     11.04981    31.35192
     159171  |    51.7355   4.884727    10.59   0.000     42.15958    61.31142
     161176  |   13.83935   5.078624     2.73   0.006     3.883314    23.79538
     161183  |   39.10876   4.795161     8.16   0.000     29.70842    48.50909
     162184  |   18.41652   5.374885     3.43   0.001       7.8797    28.95333
     164198  |   35.67194   5.511064     6.47   0.000     24.86816    46.47572
     165199  |   52.53872   5.590072     9.40   0.000     41.58006    63.49739
     166203  |   19.31715   5.260373     3.67   0.000     9.004817    29.62948
     168211  |    25.4627   4.903264     5.19   0.000     15.85044    35.07496
     168214  |   42.36914   5.486512     7.72   0.000     31.61349    53.12478
     169219  |   50.39404   5.678018     8.88   0.000     39.26297    61.52511
     169229  |   45.47381   4.620323     9.84   0.000     36.41622     54.5314
     169231  |   7.134464   5.536379     1.29   0.198     -3.71894    17.98787
     169280  |    43.6725   5.536406     7.89   0.000     32.81904    54.52596
     170295  |   41.84812   5.295988     7.90   0.000     31.46598    52.23027
     173312  |   73.96274   5.462531    13.54   0.000     63.25411    84.67138
     176329  |   41.64362   5.259782     7.92   0.000     31.33245    51.95479
     180344  |   30.60804    4.93156     6.21   0.000     20.94031    40.27576
     189378  |   21.28329    5.21018     4.08   0.000     11.06936    31.49722
     189382  |   41.56158   5.314366     7.82   0.000      31.1434    51.97975
     189396  |   14.46559   5.374403     2.69   0.007     3.929724    25.00146
     191411  |   39.30961   5.774975     6.81   0.000     27.98847    50.63076
     193422  |    41.7204   5.439417     7.67   0.000     31.05708    52.38373
     193423  |   27.56962   5.162644     5.34   0.000     17.44888    37.69036
     201449  |   44.35148   4.759784     9.32   0.000      35.0205    53.68246
     203452  |   34.02275    4.95196     6.87   0.000     24.31503    43.73047
     203457  |   52.88138   5.924325     8.93   0.000     41.26745     64.4953
     205488  |   31.77964   5.536654     5.74   0.000      20.9257    42.63359
     205489  |   41.19511   5.590168     7.37   0.000     30.23626    52.15396
     205490  |  -1.943907   5.374251    -0.36   0.718    -12.47948    8.591664
     205491  |   27.24061   5.242287     5.20   0.000     16.96374    37.51749
     205492  |   34.81177   5.133514     6.78   0.000     24.74814    44.87541
     208501  |   26.69486   5.334278     5.00   0.000     16.23765    37.15207
     208503  |   11.15751   5.395345     2.07   0.039     .5805883    21.73444
     209510  |   26.23561    4.94163     5.31   0.000     16.54814    35.92308
     212522  |   28.75562   4.995094     5.76   0.000     18.96334     38.5479
     215533  |   38.82371   4.727453     8.21   0.000     29.55611    48.09131
     216536  |   24.47402   4.867841     5.03   0.000      14.9312    34.01684
     218562  |   39.61774   5.463705     7.25   0.000      28.9068    50.32867
     221571  |   2.477673   4.885201     0.51   0.612    -7.099177    12.05452
     221574  |   15.96736   5.354258     2.98   0.003     5.470979    26.46374
     225585  |   19.47532    5.10769     3.81   0.000      9.46231    29.48833
     228606  |   33.04879   5.119104     6.46   0.000      23.0134    43.08418
     230612  |   43.42595   5.417052     8.02   0.000     32.80647    54.04543
     231616  |   30.62345   5.462531     5.61   0.000     19.91482    41.33209
     234628  |   33.63268   4.893859     6.87   0.000     24.03886     43.2265
     244697  |    11.2563   4.895158     2.30   0.022     1.659932    20.85267
     244708  |   5.280623   4.802338     1.10   0.272    -4.133783    14.69503
     244723  |   5.274981   4.810751     1.10   0.273    -4.155918    14.70588
     244727  |   27.44816   5.079588     5.40   0.000     17.49023    37.40608
     244728  |   13.62712   5.647198     2.41   0.016     2.556468    24.69777
     244736  |   30.31883     5.6181     5.40   0.000     19.30522    41.33244
     244745  |   35.69142   5.120553     6.97   0.000     25.65319    45.72965
     244746  |   28.87945   5.536408     5.22   0.000     18.02599    39.73291
     244755  |   26.52184   4.655275     5.70   0.000     17.39573    35.64794
     244764  |   21.63978   6.262136     3.46   0.001     9.363616    33.91594
     244774  |   22.04429   4.858651     4.54   0.000     12.51949    31.56909
     244776  |   20.79123   4.650409     4.47   0.000     11.67466     29.9078
     244780  |   56.17529   5.417045    10.37   0.000     45.55582    66.79475
     244796  |   16.85521   5.487386     3.07   0.002     6.097852    27.61257
     244799  |   17.85175    5.31561     3.36   0.001     7.431141    28.27237
     244801  |   19.95417    5.17834     3.85   0.000     9.802654    30.10568
     244806  |    45.9034   4.636227     9.90   0.000     36.81463    54.99217
     244818  |   15.52399   5.067985     3.06   0.002     5.588819    25.45917
     244831  |   18.03973   5.486324     3.29   0.001     7.284455    28.79501
     244839  |   35.88649   5.149264     6.97   0.000     25.79198    45.98101
     252885  |   37.37746    5.26116     7.10   0.000     27.06359    47.69134
     253888  |   24.37942   6.008493     4.06   0.000     12.60049    36.15835
     257899  |   21.82277   4.851143     4.50   0.000     12.31269    31.33285
     257905  |   49.73585   4.709209    10.56   0.000     40.50401    58.96769
     259915  |   24.46589   5.439547     4.50   0.000     13.80231    35.12947
     261927  |   33.61121   5.030816     6.68   0.000      23.7489    43.47352
     262937  |   60.60468   5.259956    11.52   0.000     50.29317    70.91619
     264945  |   42.37348   4.894197     8.66   0.000     32.77899    51.96796
             |
       _cons |   404.8734   3.967903   102.04   0.000     397.0948     412.652
------------------------------------------------------------------------------

. 
. * c.
. 
. xtset gkschid
       panel variable:  gkschid (unbalanced)

. xtreg gktreadss ib2.gkclasstype, fe

Fixed-effects (within) regression               Number of obs      =      5789
Group variable: gkschid                         Number of groups   =        79

R-sq:  within  = 0.0095                         Obs per group: min =        34
       between = 0.0101                                        avg =      73.3
       overall = 0.0063                                        max =       137

                                                F(2,5708)          =     27.51
corr(u_i, Xb)  = -0.0198                        Prob > F           =    0.0000

------------------------------------------------------------------------------
   gktreadss |      Coef.   Std. Err.      t    P>|t|     [95% Conf. Interval]
-------------+----------------------------------------------------------------
 gkclasstype |
          1  |   6.570069   .9442706     6.96   0.000      4.71894    8.421198
          3  |   1.054342   .9077412     1.16   0.245    -.7251759    2.833859
             |
       _cons |   434.3794   .6411837   677.46   0.000     433.1225    435.6364
-------------+----------------------------------------------------------------
     sigma_u |  14.677874
     sigma_e |  28.364169
         rho |   .2112227   (fraction of variance due to u_i)
------------------------------------------------------------------------------
F test that all u_i=0:     F(78, 5708) =    18.96            Prob > F = 0.0000

. 
. **************
. * Question 2
. **************
. 
. * a. 
. 
. regress gktreadss gktyears ib2.gkclasstype

      Source |       SS       df       MS              Number of obs =    5769
-------------+------------------------------           F(  3,  5765) =   38.31
       Model |  113577.672     3  37859.2241           Prob > F      =  0.0000
    Residual |  5697126.87  5765  988.226691           R-squared     =  0.0195
-------------+------------------------------           Adj R-squared =  0.0190
       Total |  5810704.55  5768   1007.4037           Root MSE      =  31.436

------------------------------------------------------------------------------
   gktreadss |      Coef.   Std. Err.      t    P>|t|     [95% Conf. Interval]
-------------+----------------------------------------------------------------
    gktyears |    .635248   .0719282     8.83   0.000     .4942417    .7762543
             |
 gkclasstype |
          1  |   5.862711   1.030018     5.69   0.000     3.843489    7.881934
          3  |    .279207   .9918318     0.28   0.778    -1.665156     2.22357
             |
       _cons |   428.9704   .9582659   447.65   0.000     427.0919     430.849
------------------------------------------------------------------------------

. 
. * b.
. 
. xtreg gktreadss gktyears ib2.gkclasstype, fe

Fixed-effects (within) regression               Number of obs      =      5769
Group variable: gkschid                         Number of groups   =        79

R-sq:  within  = 0.0127                         Obs per group: min =        34
       between = 0.0748                                        avg =      73.0
       overall = 0.0167                                        max =       137

                                                F(3,5687)          =     24.45
corr(u_i, Xb)  = 0.0549                         Prob > F           =    0.0000

------------------------------------------------------------------------------
   gktreadss |      Coef.   Std. Err.      t    P>|t|     [95% Conf. Interval]
-------------+----------------------------------------------------------------
    gktyears |   .3168235   .0732091     4.33   0.000     .1733057    .4603413
             |
 gkclasstype |
          1  |   6.542205   .9437352     6.93   0.000     4.692124    8.392286
          3  |   .7945004   .9114296     0.87   0.383     -.992249     2.58125
             |
       _cons |   431.5486   .9164237   470.91   0.000     429.7521    433.3451
-------------+----------------------------------------------------------------
     sigma_u |  14.397913
     sigma_e |  28.346427
         rho |  .20508096   (fraction of variance due to u_i)
------------------------------------------------------------------------------
F test that all u_i=0:     F(78, 5687) =    17.99            Prob > F = 0.0000

. 
end of do-file

