-----------------------------------------------------------------------------------------
      name:  <unnamed>
       log:  /Users/Alfonso/Google Drive/UT/Fall 2017/RD/assignment3.log
  log type:  text
 opened on:   3 Oct 2017, 13:44:09

. set seed 3347

. 
. use "/Users/Alfonso/Google Drive/UT/Fall 2017/RD/STAR_students.dta"

. 
. 
. **************
. * Question 1
. **************
. 
. * a.i.
. 
. tab gkclasstype

      CLASSROOM TYPE |
        KINDERGARTEN |      Freq.     Percent        Cum.
---------------------+-----------------------------------
         SMALL CLASS |      1,900       30.04       30.04
       REGULAR CLASS |      2,194       34.69       64.73
REGULAR + AIDE CLASS |      2,231       35.27      100.00
---------------------+-----------------------------------
               Total |      6,325      100.00

. tab gkclasstype, nolabel

  CLASSROOM |
       TYPE |
KINDERGARTE |
          N |      Freq.     Percent        Cum.
------------+-----------------------------------
          1 |      1,900       30.04       30.04
          2 |      2,194       34.69       64.73
          3 |      2,231       35.27      100.00
------------+-----------------------------------
      Total |      6,325      100.00

. 
. ***********
. * They were assigned to a class about 1/3 of the time, and the classroom type feels suf
> ficiently balanced.
. ***********
. 
. * b.i. 
. 
. sum gktreadss

    Variable |       Obs        Mean    Std. Dev.       Min        Max
-------------+--------------------------------------------------------
   gktreadss |      5789    436.7253    31.70626        315        627

. 
. **** The sd is 31.70
. 
. * b.ii.
. 
. tabstat gktreadss, by(gkclasstype)

Summary for variables: gktreadss
     by categories of: gkclasstype (CLASSROOM TYPE KINDERGARTEN)

     gkclasstype |      mean
-----------------+----------
     SMALL CLASS |  440.5474
   REGULAR CLASS |  434.7323
REGULAR + AIDE C |  435.4295
-----------------+----------
           Total |  436.7253
----------------------------

. 
. * b. iv.
. 
. regress gktreadss ib2.gkclasstype

      Source |       SS       df       MS              Number of obs =    5789
-------------+------------------------------           F(  2,  5786) =   18.42
       Model |  36804.3544     2  18402.1772           Prob > F      =  0.0000
    Residual |  5781796.94  5786  999.273581           R-squared     =  0.0063
-------------+------------------------------           Adj R-squared =  0.0060
       Total |  5818601.29  5788  1005.28702           Root MSE      =  31.611

------------------------------------------------------------------------------
   gktreadss |      Coef.   Std. Err.      t    P>|t|     [95% Conf. Interval]
-------------+----------------------------------------------------------------
 gkclasstype |
          1  |   5.815138   1.035745     5.61   0.000      3.78469    7.845586
          3  |   .6972468   .9934907     0.70   0.483    -1.250367     2.64486
             |
       _cons |   434.7323    .705792   615.95   0.000     433.3487    436.1159
------------------------------------------------------------------------------

. 
. * c. 
. 
. regress gktreadss gktyears

      Source |       SS       df       MS              Number of obs =    5769
-------------+------------------------------           F(  1,  5767) =   74.15
       Model |  73762.1725     1  73762.1725           Prob > F      =  0.0000
    Residual |  5736942.37  5767  994.787996           R-squared     =  0.0127
-------------+------------------------------           Adj R-squared =  0.0125
       Total |  5810704.55  5768   1007.4037           Root MSE      =   31.54

------------------------------------------------------------------------------
   gktreadss |      Coef.   Std. Err.      t    P>|t|     [95% Conf. Interval]
-------------+----------------------------------------------------------------
    gktyears |   .6201329   .0720167     8.61   0.000     .4789531    .7613127
       _cons |   430.9763   .7885113   546.57   0.000     429.4305    432.5221
------------------------------------------------------------------------------

. 
end of do-file

